<?xml version="1.0" encoding="UTF-8"?>
<!-- Generated by org.testng.reporters.JUnitReportReporter -->
<testsuite hostname="venkatakasireddy1QC" failures="0" tests="4" name="TestNG.NewTest" time="0.054" errors="0" timestamp="2022-07-14T22:11:45 IST" skipped="0">
  <testcase classname="TestNG.NewTest" name="newcustomer" time="0.026"/>
  <system-out/>
  <testcase classname="TestNG.NewTest" name="editcustomer" time="0.005"/>
  <system-out/>
  <testcase classname="TestNG.NewTest" name="editcustomer2" time="0.017"/>
  <system-out/>
  <testcase classname="TestNG.NewTest" name="customer3" time="0.006"/>
  <system-out/>
</testsuite> <!-- TestNG.NewTest -->
