<?xml version="1.0" encoding="UTF-8"?>
<!-- Generated by org.testng.reporters.JUnitReportReporter -->
<testsuite hostname="venkatakasireddy1QC" failures="0" tests="1" name="TestNG.LoginTest" time="23.159" errors="0" timestamp="2022-07-16T22:18:03 IST" skipped="0">
  <testcase classname="TestNG.LoginTest" name="login" time="23.159"/>
  <system-out/>
</testsuite> <!-- TestNG.LoginTest -->
